# JRE version: Java(TM) SE Runtime Environment (17.0.5+9) (build 17.0.5+9-LTS-191)
# Java VM: Java HotSpot(TM) 64-Bit Server VM (17.0.5+9-LTS-191, mixed mode, sharing, tiered, compressed oops, compressed class ptrs, g1 gc, windows-amd64)
GC Precious Log:
 CPUs: 4 total, 4 available
 Memory: 7893M
 Large Page Support: Disabled
 NUMA Support: Disabled
 Compressed Oops: Enabled (32-bit)
 Heap Region Size: 1M
 Heap Min Capacity: 8M
 Heap Initial Capacity: 124M
 Heap Max Capacity: 1974M
 Pre-touch: Disabled
 Parallel Workers: 4
 Concurrent Workers: 1
 Concurrent Refinement Workers: 4
 Periodic GC: Disabled
Heap:
 garbage-first heap   total 112640K, used 86914K [0x0000000084a00000, 0x0000000100000000)
  region size 1024K, 30 young (30720K), 1 survivors (1024K)
 Metaspace       used 75853K, committed 76352K, reserved 1122304K
  class space    used 10132K, committed 10368K, reserved 1048576K
GC Heap History (20 events):
Event: 25.538 GC heap before
{Heap before GC invocations=14 (full 0):
 garbage-first heap   total 112640K, used 72204K [0x0000000084a00000, 0x0000000100000000)
  region size 1024K, 26 young (26624K), 5 survivors (5120K)
 Metaspace       used 59800K, committed 60288K, reserved 1105920K
  class space    used 7910K, committed 8192K, reserved 1048576K
}
Event: 25.549 GC heap after
{Heap after GC invocations=15 (full 0):
 garbage-first heap   total 112640K, used 51771K [0x0000000084a00000, 0x0000000100000000)
  region size 1024K, 2 young (2048K), 2 survivors (2048K)
 Metaspace       used 59800K, committed 60288K, reserved 1105920K
  class space    used 7910K, committed 8192K, reserved 1048576K
}
Event: 29.799 GC heap before
{Heap before GC invocations=16 (full 0):
 garbage-first heap   total 112640K, used 89659K [0x0000000084a00000, 0x0000000100000000)
  region size 1024K, 39 young (39936K), 2 survivors (2048K)
 Metaspace       used 64412K, committed 64896K, reserved 1105920K
  class space    used 8593K, committed 8832K, reserved 1048576K
}
Event: 29.807 GC heap after
{Heap after GC invocations=17 (full 0):
 garbage-first heap   total 112640K, used 53537K [0x0000000084a00000, 0x0000000100000000)
  region size 1024K, 4 young (4096K), 4 survivors (4096K)
 Metaspace       used 64412K, committed 64896K, reserved 1105920K
  class space    used 8593K, committed 8832K, reserved 1048576K
}
Event: 32.064 GC heap before
{Heap before GC invocations=17 (full 0):
 garbage-first heap   total 112640K, used 90401K [0x0000000084a00000, 0x0000000100000000)
  region size 1024K, 40 young (40960K), 4 survivors (4096K)
 Metaspace       used 68024K, committed 68544K, reserved 1114112K
  class space    used 9102K, committed 9344K, reserved 1048576K
}
Event: 32.074 GC heap after
{Heap after GC invocations=18 (full 0):
 garbage-first heap   total 112640K, used 56469K [0x0000000084a00000, 0x0000000100000000)
  region size 1024K, 5 young (5120K), 5 survivors (5120K)
 Metaspace       used 68024K, committed 68544K, reserved 1114112K
  class space    used 9102K, committed 9344K, reserved 1048576K
}
Event: 120.420 GC heap before
{Heap before GC invocations=19 (full 0):
 garbage-first heap   total 112640K, used 91285K [0x0000000084a00000, 0x0000000100000000)
  region size 1024K, 39 young (39936K), 5 survivors (5120K)
 Metaspace       used 71371K, committed 71936K, reserved 1114112K
  class space    used 9563K, committed 9856K, reserved 1048576K
}
Event: 120.430 GC heap after
{Heap after GC invocations=20 (full 0):
 garbage-first heap   total 112640K, used 58241K [0x0000000084a00000, 0x0000000100000000)
  region size 1024K, 3 young (3072K), 3 survivors (3072K)
 Metaspace       used 71371K, committed 71936K, reserved 1114112K
  class space    used 9563K, committed 9856K, reserved 1048576K
}
Event: 423.407 GC heap before
{Heap before GC invocations=20 (full 0):
 garbage-first heap   total 112640K, used 91009K [0x0000000084a00000, 0x0000000100000000)
  region size 1024K, 35 young (35840K), 3 survivors (3072K)
 Metaspace       used 71455K, committed 72064K, reserved 1114112K
  class space    used 9563K, committed 9856K, reserved 1048576K
}
Event: 423.412 GC heap after
{Heap after GC invocations=21 (full 0):
 garbage-first heap   total 112640K, used 57663K [0x0000000084a00000, 0x0000000100000000)
  region size 1024K, 2 young (2048K), 2 survivors (2048K)
 Metaspace       used 71455K, committed 72064K, reserved 1114112K
  class space    used 9563K, committed 9856K, reserved 1048576K
}
Event: 755.669 GC heap before
{Heap before GC invocations=22 (full 0):
 garbage-first heap   total 112640K, used 93503K [0x0000000084a00000, 0x0000000100000000)
  region size 1024K, 37 young (37888K), 2 survivors (2048K)
 Metaspace       used 71452K, committed 72064K, reserved 1114112K
  class space    used 9563K, committed 9856K, reserved 1048576K
}
Event: 755.673 GC heap after
{Heap after GC invocations=23 (full 0):
 garbage-first heap   total 112640K, used 57588K [0x0000000084a00000, 0x0000000100000000)
  region size 1024K, 2 young (2048K), 2 survivors (2048K)
 Metaspace       used 71452K, committed 72064K, reserved 1114112K
  class space    used 9563K, committed 9856K, reserved 1048576K
}
Event: 783.839 GC heap before
{Heap before GC invocations=23 (full 0):
 garbage-first heap   total 112640K, used 60660K [0x0000000084a00000, 0x0000000100000000)
  region size 1024K, 5 young (5120K), 2 survivors (2048K)
 Metaspace       used 71452K, committed 72064K, reserved 1114112K
  class space    used 9563K, committed 9856K, reserved 1048576K
}
Event: 783.843 GC heap after
{Heap after GC invocations=24 (full 0):
 garbage-first heap   total 112640K, used 57541K [0x0000000084a00000, 0x0000000100000000)
  region size 1024K, 1 young (1024K), 1 survivors (1024K)
 Metaspace       used 71452K, committed 72064K, reserved 1114112K
  class space    used 9563K, committed 9856K, reserved 1048576K
}
Event: 900.729 GC heap before
{Heap before GC invocations=24 (full 0):
 garbage-first heap   total 112640K, used 94405K [0x0000000084a00000, 0x0000000100000000)
  region size 1024K, 38 young (38912K), 1 survivors (1024K)
 Metaspace       used 75656K, committed 76224K, reserved 1122304K
  class space    used 10110K, committed 10368K, reserved 1048576K
}
Event: 900.733 GC heap after
{Heap after GC invocations=25 (full 0):
 garbage-first heap   total 112640K, used 58929K [0x0000000084a00000, 0x0000000100000000)
  region size 1024K, 2 young (2048K), 2 survivors (2048K)
 Metaspace       used 75656K, committed 76224K, reserved 1122304K
  class space    used 10110K, committed 10368K, reserved 1048576K
}
Event: 902.212 GC heap before
{Heap before GC invocations=26 (full 0):
 garbage-first heap   total 112640K, used 95793K [0x0000000084a00000, 0x0000000100000000)
  region size 1024K, 38 young (38912K), 2 survivors (2048K)
 Metaspace       used 75681K, committed 76224K, reserved 1122304K
  class space    used 10110K, committed 10368K, reserved 1048576K
}
Event: 902.215 GC heap after
{Heap after GC invocations=27 (full 0):
 garbage-first heap   total 112640K, used 58933K [0x0000000084a00000, 0x0000000100000000)
  region size 1024K, 2 young (2048K), 2 survivors (2048K)
 Metaspace       used 75681K, committed 76224K, reserved 1122304K
  class space    used 10110K, committed 10368K, reserved 1048576K
}
Event: 902.303 GC heap before
{Heap before GC invocations=27 (full 0):
 garbage-first heap   total 112640K, used 62005K [0x0000000084a00000, 0x0000000100000000)
  region size 1024K, 5 young (5120K), 2 survivors (2048K)
 Metaspace       used 75681K, committed 76224K, reserved 1122304K
  class space    used 10110K, committed 10368K, reserved 1048576K
}
Event: 902.307 GC heap after
{Heap after GC invocations=28 (full 0):
 garbage-first heap   total 112640K, used 58242K [0x0000000084a00000, 0x0000000100000000)
  region size 1024K, 1 young (1024K), 1 survivors (1024K)
 Metaspace       used 75681K, committed 76224K, reserved 1122304K
  class space    used 10110K, committed 10368K, reserved 1048576K
}

